have_library: checking for BIO_read() in -lcrypto... -------------------- yes

"gcc -o conftest -I/usr/local/include/ruby-2.7.0/x86_64-linux-musl -I/usr/local/include/ruby-2.7.0/ruby/backward -I/usr/local/include/ruby-2.7.0 -I.    -g -O2 -fPIC conftest.c  -L. -L/usr/local/lib -Wl,-rpath,/usr/local/lib -L. -fstack-protector-strong -rdynamic -Wl,-export-dynamic     -Wl,-rpath,/usr/local/lib -L/usr/local/lib -lruby  -lm   -lc"
checked program was:
/* begin */
1: #include "ruby.h"
2: 
3: int main(int argc, char **argv)
4: {
5:   return !!argv[argc];
6: }
/* end */

"gcc -o conftest -I/usr/local/include/ruby-2.7.0/x86_64-linux-musl -I/usr/local/include/ruby-2.7.0/ruby/backward -I/usr/local/include/ruby-2.7.0 -I.    -g -O2 -fPIC conftest.c  -L. -L/usr/local/lib -Wl,-rpath,/usr/local/lib -L. -fstack-protector-strong -rdynamic -Wl,-export-dynamic     -Wl,-rpath,/usr/local/lib -L/usr/local/lib -lruby -lcrypto  -lm   -lc"
conftest.c: In function 't':
conftest.c:14:57: error: 'BIO_read' undeclared (first use in this function)
   14 | int t(void) { void ((*volatile p)()); p = (void ((*)()))BIO_read; return !p; }
      |                                                         ^~~~~~~~
conftest.c:14:57: note: each undeclared identifier is reported only once for each function it appears in
checked program was:
/* begin */
 1: #include "ruby.h"
 2: 
 3: /*top*/
 4: extern int t(void);
 5: int main(int argc, char **argv)
 6: {
 7:   if (argc > 1000000) {
 8:     int (* volatile tp)(void)=(int (*)(void))&t;
 9:     printf("%d", (*tp)());
10:   }
11: 
12:   return !!argv[argc];
13: }
14: int t(void) { void ((*volatile p)()); p = (void ((*)()))BIO_read; return !p; }
/* end */

"gcc -o conftest -I/usr/local/include/ruby-2.7.0/x86_64-linux-musl -I/usr/local/include/ruby-2.7.0/ruby/backward -I/usr/local/include/ruby-2.7.0 -I.    -g -O2 -fPIC conftest.c  -L. -L/usr/local/lib -Wl,-rpath,/usr/local/lib -L. -fstack-protector-strong -rdynamic -Wl,-export-dynamic     -Wl,-rpath,/usr/local/lib -L/usr/local/lib -lruby -lcrypto  -lm   -lc"
checked program was:
/* begin */
 1: #include "ruby.h"
 2: 
 3: /*top*/
 4: extern int t(void);
 5: int main(int argc, char **argv)
 6: {
 7:   if (argc > 1000000) {
 8:     int (* volatile tp)(void)=(int (*)(void))&t;
 9:     printf("%d", (*tp)());
10:   }
11: 
12:   return !!argv[argc];
13: }
14: extern void BIO_read();
15: int t(void) { BIO_read(); return 0; }
/* end */

--------------------

have_library: checking for SSL_CTX_new() in -lssl... -------------------- yes

"gcc -o conftest -I/usr/local/include/ruby-2.7.0/x86_64-linux-musl -I/usr/local/include/ruby-2.7.0/ruby/backward -I/usr/local/include/ruby-2.7.0 -I.    -g -O2 -fPIC conftest.c  -L. -L/usr/local/lib -Wl,-rpath,/usr/local/lib -L. -fstack-protector-strong -rdynamic -Wl,-export-dynamic    -lcrypto  -Wl,-rpath,/usr/local/lib -L/usr/local/lib -lruby -lssl -lcrypto  -lm   -lc"
conftest.c: In function 't':
conftest.c:14:57: error: 'SSL_CTX_new' undeclared (first use in this function)
   14 | int t(void) { void ((*volatile p)()); p = (void ((*)()))SSL_CTX_new; return !p; }
      |                                                         ^~~~~~~~~~~
conftest.c:14:57: note: each undeclared identifier is reported only once for each function it appears in
checked program was:
/* begin */
 1: #include "ruby.h"
 2: 
 3: /*top*/
 4: extern int t(void);
 5: int main(int argc, char **argv)
 6: {
 7:   if (argc > 1000000) {
 8:     int (* volatile tp)(void)=(int (*)(void))&t;
 9:     printf("%d", (*tp)());
10:   }
11: 
12:   return !!argv[argc];
13: }
14: int t(void) { void ((*volatile p)()); p = (void ((*)()))SSL_CTX_new; return !p; }
/* end */

"gcc -o conftest -I/usr/local/include/ruby-2.7.0/x86_64-linux-musl -I/usr/local/include/ruby-2.7.0/ruby/backward -I/usr/local/include/ruby-2.7.0 -I.    -g -O2 -fPIC conftest.c  -L. -L/usr/local/lib -Wl,-rpath,/usr/local/lib -L. -fstack-protector-strong -rdynamic -Wl,-export-dynamic    -lcrypto  -Wl,-rpath,/usr/local/lib -L/usr/local/lib -lruby -lssl -lcrypto  -lm   -lc"
checked program was:
/* begin */
 1: #include "ruby.h"
 2: 
 3: /*top*/
 4: extern int t(void);
 5: int main(int argc, char **argv)
 6: {
 7:   if (argc > 1000000) {
 8:     int (* volatile tp)(void)=(int (*)(void))&t;
 9:     printf("%d", (*tp)());
10:   }
11: 
12:   return !!argv[argc];
13: }
14: extern void SSL_CTX_new();
15: int t(void) { SSL_CTX_new(); return 0; }
/* end */

--------------------

have_header: checking for openssl/bio.h... -------------------- yes

"gcc -E -I/usr/local/include/ruby-2.7.0/x86_64-linux-musl -I/usr/local/include/ruby-2.7.0/ruby/backward -I/usr/local/include/ruby-2.7.0 -I.    -g -O2 -fPIC  conftest.c -o conftest.i"
checked program was:
/* begin */
1: #include "ruby.h"
2: 
3: #include <openssl/bio.h>
/* end */

--------------------

