Started GET "/" for ::1 at 2022-02-24 05:03:04 +0700
  
ActiveRecord::NoDatabaseError (FATAL:  database "app_dev" does not exist
):
  
activerecord (5.1.7) lib/active_record/connection_adapters/postgresql_adapter.rb:709:in `rescue in connect'
activerecord (5.1.7) lib/active_record/connection_adapters/postgresql_adapter.rb:704:in `connect'
activerecord (5.1.7) lib/active_record/connection_adapters/postgresql_adapter.rb:229:in `initialize'
activerecord (5.1.7) lib/active_record/connection_adapters/postgresql_adapter.rb:46:in `new'
activerecord (5.1.7) lib/active_record/connection_adapters/postgresql_adapter.rb:46:in `postgresql_connection'
activerecord (5.1.7) lib/active_record/connection_adapters/abstract/connection_pool.rb:761:in `new_connection'
activerecord (5.1.7) lib/active_record/connection_adapters/abstract/connection_pool.rb:805:in `checkout_new_connection'
activerecord (5.1.7) lib/active_record/connection_adapters/abstract/connection_pool.rb:784:in `try_to_checkout_new_connection'
activerecord (5.1.7) lib/active_record/connection_adapters/abstract/connection_pool.rb:745:in `acquire_connection'
activerecord (5.1.7) lib/active_record/connection_adapters/abstract/connection_pool.rb:502:in `checkout'
activerecord (5.1.7) lib/active_record/connection_adapters/abstract/connection_pool.rb:376:in `connection'
activerecord (5.1.7) lib/active_record/connection_adapters/abstract/connection_pool.rb:933:in `retrieve_connection'
activerecord (5.1.7) lib/active_record/connection_handling.rb:116:in `retrieve_connection'
activerecord (5.1.7) lib/active_record/connection_handling.rb:88:in `connection'
activerecord (5.1.7) lib/active_record/migration.rb:562:in `connection'
activerecord (5.1.7) lib/active_record/migration.rb:553:in `call'
actionpack (5.1.7) lib/action_dispatch/middleware/callbacks.rb:26:in `block in call'
activesupport (5.1.7) lib/active_support/callbacks.rb:97:in `run_callbacks'
actionpack (5.1.7) lib/action_dispatch/middleware/callbacks.rb:24:in `call'
actionpack (5.1.7) lib/action_dispatch/middleware/executor.rb:12:in `call'
actionpack (5.1.7) lib/action_dispatch/middleware/debug_exceptions.rb:59:in `call'
web-console (3.7.0) lib/web_console/middleware.rb:135:in `call_app'
web-console (3.7.0) lib/web_console/middleware.rb:30:in `block in call'
web-console (3.7.0) lib/web_console/middleware.rb:20:in `catch'
web-console (3.7.0) lib/web_console/middleware.rb:20:in `call'
actionpack (5.1.7) lib/action_dispatch/middleware/show_exceptions.rb:31:in `call'
railties (5.1.7) lib/rails/rack/logger.rb:36:in `call_app'
railties (5.1.7) lib/rails/rack/logger.rb:24:in `block in call'
activesupport (5.1.7) lib/active_support/tagged_logging.rb:69:in `block in tagged'
activesupport (5.1.7) lib/active_support/tagged_logging.rb:26:in `tagged'
activesupport (5.1.7) lib/active_support/tagged_logging.rb:69:in `tagged'
railties (5.1.7) lib/rails/rack/logger.rb:24:in `call'
sprockets-rails (3.2.2) lib/sprockets/rails/quiet_assets.rb:13:in `call'
actionpack (5.1.7) lib/action_dispatch/middleware/remote_ip.rb:79:in `call'
actionpack (5.1.7) lib/action_dispatch/middleware/request_id.rb:25:in `call'
rack (2.2.3) lib/rack/method_override.rb:24:in `call'
rack (2.2.3) lib/rack/runtime.rb:22:in `call'
activesupport (5.1.7) lib/active_support/cache/strategy/local_cache_middleware.rb:27:in `call'
actionpack (5.1.7) lib/action_dispatch/middleware/executor.rb:12:in `call'
actionpack (5.1.7) lib/action_dispatch/middleware/static.rb:125:in `call'
rack (2.2.3) lib/rack/sendfile.rb:110:in `call'
railties (5.1.7) lib/rails/engine.rb:522:in `call'
puma (3.12.6) lib/puma/configuration.rb:227:in `call'
puma (3.12.6) lib/puma/server.rb:706:in `handle_request'
puma (3.12.6) lib/puma/server.rb:476:in `process_client'
puma (3.12.6) lib/puma/server.rb:334:in `block in run'
puma (3.12.6) lib/puma/thread_pool.rb:135:in `block in spawn_thread'
Started GET "/" for ::1 at 2022-02-24 05:04:16 +0700
  
ActiveRecord::NoDatabaseError (FATAL:  database "app_dev" does not exist
):
  
activerecord (5.1.7) lib/active_record/connection_adapters/postgresql_adapter.rb:709:in `rescue in connect'
activerecord (5.1.7) lib/active_record/connection_adapters/postgresql_adapter.rb:704:in `connect'
activerecord (5.1.7) lib/active_record/connection_adapters/postgresql_adapter.rb:229:in `initialize'
activerecord (5.1.7) lib/active_record/connection_adapters/postgresql_adapter.rb:46:in `new'
activerecord (5.1.7) lib/active_record/connection_adapters/postgresql_adapter.rb:46:in `postgresql_connection'
activerecord (5.1.7) lib/active_record/connection_adapters/abstract/connection_pool.rb:761:in `new_connection'
activerecord (5.1.7) lib/active_record/connection_adapters/abstract/connection_pool.rb:805:in `checkout_new_connection'
activerecord (5.1.7) lib/active_record/connection_adapters/abstract/connection_pool.rb:784:in `try_to_checkout_new_connection'
activerecord (5.1.7) lib/active_record/connection_adapters/abstract/connection_pool.rb:745:in `acquire_connection'
activerecord (5.1.7) lib/active_record/connection_adapters/abstract/connection_pool.rb:502:in `checkout'
activerecord (5.1.7) lib/active_record/connection_adapters/abstract/connection_pool.rb:376:in `connection'
activerecord (5.1.7) lib/active_record/connection_adapters/abstract/connection_pool.rb:933:in `retrieve_connection'
activerecord (5.1.7) lib/active_record/connection_handling.rb:116:in `retrieve_connection'
activerecord (5.1.7) lib/active_record/connection_handling.rb:88:in `connection'
activerecord (5.1.7) lib/active_record/migration.rb:562:in `connection'
activerecord (5.1.7) lib/active_record/migration.rb:553:in `call'
actionpack (5.1.7) lib/action_dispatch/middleware/callbacks.rb:26:in `block in call'
activesupport (5.1.7) lib/active_support/callbacks.rb:97:in `run_callbacks'
actionpack (5.1.7) lib/action_dispatch/middleware/callbacks.rb:24:in `call'
actionpack (5.1.7) lib/action_dispatch/middleware/executor.rb:12:in `call'
actionpack (5.1.7) lib/action_dispatch/middleware/debug_exceptions.rb:59:in `call'
web-console (3.7.0) lib/web_console/middleware.rb:135:in `call_app'
web-console (3.7.0) lib/web_console/middleware.rb:30:in `block in call'
web-console (3.7.0) lib/web_console/middleware.rb:20:in `catch'
web-console (3.7.0) lib/web_console/middleware.rb:20:in `call'
actionpack (5.1.7) lib/action_dispatch/middleware/show_exceptions.rb:31:in `call'
railties (5.1.7) lib/rails/rack/logger.rb:36:in `call_app'
railties (5.1.7) lib/rails/rack/logger.rb:24:in `block in call'
activesupport (5.1.7) lib/active_support/tagged_logging.rb:69:in `block in tagged'
activesupport (5.1.7) lib/active_support/tagged_logging.rb:26:in `tagged'
activesupport (5.1.7) lib/active_support/tagged_logging.rb:69:in `tagged'
railties (5.1.7) lib/rails/rack/logger.rb:24:in `call'
sprockets-rails (3.2.2) lib/sprockets/rails/quiet_assets.rb:13:in `call'
actionpack (5.1.7) lib/action_dispatch/middleware/remote_ip.rb:79:in `call'
actionpack (5.1.7) lib/action_dispatch/middleware/request_id.rb:25:in `call'
rack (2.2.3) lib/rack/method_override.rb:24:in `call'
rack (2.2.3) lib/rack/runtime.rb:22:in `call'
activesupport (5.1.7) lib/active_support/cache/strategy/local_cache_middleware.rb:27:in `call'
actionpack (5.1.7) lib/action_dispatch/middleware/executor.rb:12:in `call'
actionpack (5.1.7) lib/action_dispatch/middleware/static.rb:125:in `call'
rack (2.2.3) lib/rack/sendfile.rb:110:in `call'
railties (5.1.7) lib/rails/engine.rb:522:in `call'
puma (3.12.6) lib/puma/configuration.rb:227:in `call'
puma (3.12.6) lib/puma/server.rb:706:in `handle_request'
puma (3.12.6) lib/puma/server.rb:476:in `process_client'
puma (3.12.6) lib/puma/server.rb:334:in `block in run'
puma (3.12.6) lib/puma/thread_pool.rb:135:in `block in spawn_thread'
Started GET "/" for ::1 at 2022-02-24 05:04:17 +0700
  
ActiveRecord::NoDatabaseError (FATAL:  database "app_dev" does not exist
):
  
activerecord (5.1.7) lib/active_record/connection_adapters/postgresql_adapter.rb:709:in `rescue in connect'
activerecord (5.1.7) lib/active_record/connection_adapters/postgresql_adapter.rb:704:in `connect'
activerecord (5.1.7) lib/active_record/connection_adapters/postgresql_adapter.rb:229:in `initialize'
activerecord (5.1.7) lib/active_record/connection_adapters/postgresql_adapter.rb:46:in `new'
activerecord (5.1.7) lib/active_record/connection_adapters/postgresql_adapter.rb:46:in `postgresql_connection'
activerecord (5.1.7) lib/active_record/connection_adapters/abstract/connection_pool.rb:761:in `new_connection'
activerecord (5.1.7) lib/active_record/connection_adapters/abstract/connection_pool.rb:805:in `checkout_new_connection'
activerecord (5.1.7) lib/active_record/connection_adapters/abstract/connection_pool.rb:784:in `try_to_checkout_new_connection'
activerecord (5.1.7) lib/active_record/connection_adapters/abstract/connection_pool.rb:745:in `acquire_connection'
activerecord (5.1.7) lib/active_record/connection_adapters/abstract/connection_pool.rb:502:in `checkout'
activerecord (5.1.7) lib/active_record/connection_adapters/abstract/connection_pool.rb:376:in `connection'
activerecord (5.1.7) lib/active_record/connection_adapters/abstract/connection_pool.rb:933:in `retrieve_connection'
activerecord (5.1.7) lib/active_record/connection_handling.rb:116:in `retrieve_connection'
activerecord (5.1.7) lib/active_record/connection_handling.rb:88:in `connection'
activerecord (5.1.7) lib/active_record/migration.rb:562:in `connection'
activerecord (5.1.7) lib/active_record/migration.rb:553:in `call'
actionpack (5.1.7) lib/action_dispatch/middleware/callbacks.rb:26:in `block in call'
activesupport (5.1.7) lib/active_support/callbacks.rb:97:in `run_callbacks'
actionpack (5.1.7) lib/action_dispatch/middleware/callbacks.rb:24:in `call'
actionpack (5.1.7) lib/action_dispatch/middleware/executor.rb:12:in `call'
actionpack (5.1.7) lib/action_dispatch/middleware/debug_exceptions.rb:59:in `call'
web-console (3.7.0) lib/web_console/middleware.rb:135:in `call_app'
web-console (3.7.0) lib/web_console/middleware.rb:30:in `block in call'
web-console (3.7.0) lib/web_console/middleware.rb:20:in `catch'
web-console (3.7.0) lib/web_console/middleware.rb:20:in `call'
actionpack (5.1.7) lib/action_dispatch/middleware/show_exceptions.rb:31:in `call'
railties (5.1.7) lib/rails/rack/logger.rb:36:in `call_app'
railties (5.1.7) lib/rails/rack/logger.rb:24:in `block in call'
activesupport (5.1.7) lib/active_support/tagged_logging.rb:69:in `block in tagged'
activesupport (5.1.7) lib/active_support/tagged_logging.rb:26:in `tagged'
activesupport (5.1.7) lib/active_support/tagged_logging.rb:69:in `tagged'
railties (5.1.7) lib/rails/rack/logger.rb:24:in `call'
sprockets-rails (3.2.2) lib/sprockets/rails/quiet_assets.rb:13:in `call'
actionpack (5.1.7) lib/action_dispatch/middleware/remote_ip.rb:79:in `call'
actionpack (5.1.7) lib/action_dispatch/middleware/request_id.rb:25:in `call'
rack (2.2.3) lib/rack/method_override.rb:24:in `call'
rack (2.2.3) lib/rack/runtime.rb:22:in `call'
activesupport (5.1.7) lib/active_support/cache/strategy/local_cache_middleware.rb:27:in `call'
actionpack (5.1.7) lib/action_dispatch/middleware/executor.rb:12:in `call'
actionpack (5.1.7) lib/action_dispatch/middleware/static.rb:125:in `call'
rack (2.2.3) lib/rack/sendfile.rb:110:in `call'
railties (5.1.7) lib/rails/engine.rb:522:in `call'
puma (3.12.6) lib/puma/configuration.rb:227:in `call'
puma (3.12.6) lib/puma/server.rb:706:in `handle_request'
puma (3.12.6) lib/puma/server.rb:476:in `process_client'
puma (3.12.6) lib/puma/server.rb:334:in `block in run'
puma (3.12.6) lib/puma/thread_pool.rb:135:in `block in spawn_thread'
Started GET "/" for ::1 at 2022-02-24 05:04:27 +0700
  [1m[35m (23.2ms)[0m  [1m[34mSELECT "schema_migrations"."version" FROM "schema_migrations" ORDER BY "schema_migrations"."version" ASC[0m
Processing by EventsController#index as HTML
  Rendering events/index.html.erb within layouts/application
  [1m[36mEvent Load (1.2ms)[0m  [1m[34mSELECT  "events".* FROM "events" WHERE (upper(name) ilike '%%') LIMIT $1 OFFSET $2[0m  [["LIMIT", 10], ["OFFSET", 0]]
  [1m[36mTypeOfEvent Load (0.4ms)[0m  [1m[34mSELECT  "type_of_events".* FROM "type_of_events" WHERE "type_of_events"."id" = $1 LIMIT $2[0m  [["id", 1], ["LIMIT", 1]]
  [1m[36mTypeOfEvent Load (0.2ms)[0m  [1m[34mSELECT  "type_of_events".* FROM "type_of_events" WHERE "type_of_events"."id" = $1 LIMIT $2[0m  [["id", 1], ["LIMIT", 1]]
  [1m[36mTypeOfEvent Load (0.2ms)[0m  [1m[34mSELECT  "type_of_events".* FROM "type_of_events" WHERE "type_of_events"."id" = $1 LIMIT $2[0m  [["id", 4], ["LIMIT", 1]]
  [1m[36mTypeOfEvent Load (0.2ms)[0m  [1m[34mSELECT  "type_of_events".* FROM "type_of_events" WHERE "type_of_events"."id" = $1 LIMIT $2[0m  [["id", 1], ["LIMIT", 1]]
  [1m[36mTypeOfEvent Load (0.2ms)[0m  [1m[34mSELECT  "type_of_events".* FROM "type_of_events" WHERE "type_of_events"."id" = $1 LIMIT $2[0m  [["id", 1], ["LIMIT", 1]]
  [1m[36mTypeOfEvent Load (0.2ms)[0m  [1m[34mSELECT  "type_of_events".* FROM "type_of_events" WHERE "type_of_events"."id" = $1 LIMIT $2[0m  [["id", 1], ["LIMIT", 1]]
  [1m[36mTypeOfEvent Load (0.2ms)[0m  [1m[34mSELECT  "type_of_events".* FROM "type_of_events" WHERE "type_of_events"."id" = $1 LIMIT $2[0m  [["id", 1], ["LIMIT", 1]]
  [1m[36mTypeOfEvent Load (0.2ms)[0m  [1m[34mSELECT  "type_of_events".* FROM "type_of_events" WHERE "type_of_events"."id" = $1 LIMIT $2[0m  [["id", 1], ["LIMIT", 1]]
  [1m[36mTypeOfEvent Load (0.1ms)[0m  [1m[34mSELECT  "type_of_events".* FROM "type_of_events" WHERE "type_of_events"."id" = $1 LIMIT $2[0m  [["id", 3], ["LIMIT", 1]]
  [1m[36mTypeOfEvent Load (0.2ms)[0m  [1m[34mSELECT  "type_of_events".* FROM "type_of_events" WHERE "type_of_events"."id" = $1 LIMIT $2[0m  [["id", 3], ["LIMIT", 1]]
  [1m[35m (0.5ms)[0m  [1m[34mSELECT COUNT(*) FROM "events" WHERE (upper(name) ilike '%%')[0m
  Rendered events/index.html.erb within layouts/application (84.4ms)
Completed 200 OK in 4453ms (Views: 4417.7ms | ActiveRecord: 13.7ms)


